[debug] [2023-07-07T17:54:15.372Z] ----------------------------------------------------------------------
[debug] [2023-07-07T17:54:15.375Z] Command:       /usr/local/bin/node /usr/local/bin/firebase emulators:start
[debug] [2023-07-07T17:54:15.375Z] CLI Version:   12.4.3
[debug] [2023-07-07T17:54:15.376Z] Platform:      darwin
[debug] [2023-07-07T17:54:15.376Z] Node Version:  v18.12.1
[debug] [2023-07-07T17:54:15.377Z] Time:          Fri Jul 07 2023 13:54:15 GMT-0400 (Eastern Daylight Time)
[debug] [2023-07-07T17:54:15.378Z] ----------------------------------------------------------------------
[debug] 
[debug] [2023-07-07T17:54:15.517Z] > command requires scopes: ["email","openid","https://www.googleapis.com/auth/cloudplatformprojects.readonly","https://www.googleapis.com/auth/firebase","https://www.googleapis.com/auth/cloud-platform"]
[debug] [2023-07-07T17:54:15.518Z] > authorizing via signed-in user (jonathan.j.troiano@gmail.com)
[info] i  emulators: Starting emulators: auth {"metadata":{"emulator":{"name":"hub"},"message":"Starting emulators: auth"}}
[debug] [2023-07-07T17:54:15.923Z] [logging] Logging Emulator only supports listening on one address (127.0.0.1). Not listening on ::1
[debug] [2023-07-07T17:54:15.924Z] [auth] Authentication Emulator only supports listening on one address (127.0.0.1). Not listening on ::1
[debug] [2023-07-07T17:54:15.925Z] assigned listening specs for emulators {"user":{"hub":[{"address":"127.0.0.1","family":"IPv4","port":4400},{"address":"::1","family":"IPv6","port":4400}],"ui":[{"address":"127.0.0.1","family":"IPv4","port":4000},{"address":"::1","family":"IPv6","port":4000}],"logging":[{"address":"127.0.0.1","family":"IPv4","port":4500}],"auth":[{"address":"127.0.0.1","family":"IPv4","port":9099}]},"metadata":{"message":"assigned listening specs for emulators"}}
[debug] [2023-07-07T17:54:15.941Z] [hub] writing locator at /var/folders/kd/wjh085wj5gj09t52zv4ml5jw0000gp/T/hub-yelpforhairstylists.json
[info] i  ui: downloading ui-v1.11.7.zip... {"metadata":{"emulator":{"name":"ui"},"message":"downloading ui-v1.11.7.zip..."}}
[debug] [2023-07-07T17:54:25.386Z] >>> [apiv2][query] GET https://storage.googleapis.com/firebase-preview-drop/emulator/ui-v1.11.7.zip 
[debug] [2023-07-07T17:54:25.572Z] <<< [apiv2][status] GET https://storage.googleapis.com/firebase-preview-drop/emulator/ui-v1.11.7.zip 200
[debug] [2023-07-07T17:54:25.572Z] <<< [apiv2][body] GET https://storage.googleapis.com/firebase-preview-drop/emulator/ui-v1.11.7.zip [stream]
[debug] [2023-07-07T17:54:25.938Z] Data is 3064105
[debug] [2023-07-07T17:54:25.939Z] [unzip] Entry: client/ (compressed_size=0 bytes, uncompressed_size=0 bytes)
[debug] [2023-07-07T17:54:25.939Z] [unzip] Processing entry: client/
[debug] [2023-07-07T17:54:25.939Z] [unzip] mkdir: /Users/jonathan/.cache/firebase/emulators/ui-v1.11.7/client/
[debug] [2023-07-07T17:54:25.941Z] [unzip] Entry: client/favicon.ico (compressed_size=2497 bytes, uncompressed_size=7406 bytes)
[debug] [2023-07-07T17:54:25.941Z] [unzip] Processing entry: client/favicon.ico
[debug] [2023-07-07T17:54:25.941Z] [unzip] else mkdir: /Users/jonathan/.cache/firebase/emulators/ui-v1.11.7/client
[debug] [2023-07-07T17:54:25.941Z] [unzip] deflating: /Users/jonathan/.cache/firebase/emulators/ui-v1.11.7/client/favicon.ico
[debug] [2023-07-07T17:54:25.946Z] [unzip] Entry: client/apple-touch-icon.png (compressed_size=7231 bytes, uncompressed_size=7367 bytes)
[debug] [2023-07-07T17:54:25.946Z] [unzip] Processing entry: client/apple-touch-icon.png
[debug] [2023-07-07T17:54:25.946Z] [unzip] else mkdir: /Users/jonathan/.cache/firebase/emulators/ui-v1.11.7/client
[debug] [2023-07-07T17:54:25.946Z] [unzip] deflating: /Users/jonathan/.cache/firebase/emulators/ui-v1.11.7/client/apple-touch-icon.png
[debug] [2023-07-07T17:54:25.948Z] [unzip] Entry: client/android-chrome-512x512.png (compressed_size=16987 bytes, uncompressed_size=18186 bytes)
[debug] [2023-07-07T17:54:25.948Z] [unzip] Processing entry: client/android-chrome-512x512.png
[debug] [2023-07-07T17:54:25.948Z] [unzip] else mkdir: /Users/jonathan/.cache/firebase/emulators/ui-v1.11.7/client
[debug] [2023-07-07T17:54:25.948Z] [unzip] deflating: /Users/jonathan/.cache/firebase/emulators/ui-v1.11.7/client/android-chrome-512x512.png
[debug] [2023-07-07T17:54:25.950Z] [unzip] Entry: client/assets/ (compressed_size=0 bytes, uncompressed_size=0 bytes)
[debug] [2023-07-07T17:54:25.950Z] [unzip] Processing entry: client/assets/
[debug] [2023-07-07T17:54:25.950Z] [unzip] mkdir: /Users/jonathan/.cache/firebase/emulators/ui-v1.11.7/client/assets/
[debug] [2023-07-07T17:54:25.950Z] [unzip] Entry: client/assets/extensions/ (compressed_size=0 bytes, uncompressed_size=0 bytes)
[debug] [2023-07-07T17:54:25.950Z] [unzip] Processing entry: client/assets/extensions/
[debug] [2023-07-07T17:54:25.950Z] [unzip] mkdir: /Users/jonathan/.cache/firebase/emulators/ui-v1.11.7/client/assets/extensions/
[debug] [2023-07-07T17:54:25.950Z] [unzip] Entry: client/assets/extensions/default-extension.png (compressed_size=1646 bytes, uncompressed_size=1657 bytes)
[debug] [2023-07-07T17:54:25.951Z] [unzip] Processing entry: client/assets/extensions/default-extension.png
[debug] [2023-07-07T17:54:25.951Z] [unzip] else mkdir: /Users/jonathan/.cache/firebase/emulators/ui-v1.11.7/client/assets/extensions
[debug] [2023-07-07T17:54:25.951Z] [unzip] deflating: /Users/jonathan/.cache/firebase/emulators/ui-v1.11.7/client/assets/extensions/default-extension.png
[debug] [2023-07-07T17:54:25.952Z] [unzip] Entry: client/assets/index.58ca09f7.css (compressed_size=37601 bytes, uncompressed_size=321252 bytes)
[debug] [2023-07-07T17:54:25.952Z] [unzip] Processing entry: client/assets/index.58ca09f7.css
[debug] [2023-07-07T17:54:25.952Z] [unzip] else mkdir: /Users/jonathan/.cache/firebase/emulators/ui-v1.11.7/client/assets
[debug] [2023-07-07T17:54:25.952Z] [unzip] deflating: /Users/jonathan/.cache/firebase/emulators/ui-v1.11.7/client/assets/index.58ca09f7.css
[debug] [2023-07-07T17:54:25.957Z] [unzip] Entry: client/assets/index.c2583d42.js (compressed_size=526232 bytes, uncompressed_size=1860152 bytes)
[debug] [2023-07-07T17:54:25.957Z] [unzip] Processing entry: client/assets/index.c2583d42.js
[debug] [2023-07-07T17:54:25.957Z] [unzip] else mkdir: /Users/jonathan/.cache/firebase/emulators/ui-v1.11.7/client/assets
[debug] [2023-07-07T17:54:25.958Z] [unzip] deflating: /Users/jonathan/.cache/firebase/emulators/ui-v1.11.7/client/assets/index.c2583d42.js
[debug] [2023-07-07T17:54:25.979Z] [unzip] Entry: client/assets/provider-icons/ (compressed_size=0 bytes, uncompressed_size=0 bytes)
[debug] [2023-07-07T17:54:25.979Z] [unzip] Processing entry: client/assets/provider-icons/
[debug] [2023-07-07T17:54:25.979Z] [unzip] mkdir: /Users/jonathan/.cache/firebase/emulators/ui-v1.11.7/client/assets/provider-icons/
[debug] [2023-07-07T17:54:25.979Z] [unzip] Entry: client/assets/provider-icons/auth_service_oidc.svg (compressed_size=414 bytes, uncompressed_size=858 bytes)
[debug] [2023-07-07T17:54:25.979Z] [unzip] Processing entry: client/assets/provider-icons/auth_service_oidc.svg
[debug] [2023-07-07T17:54:25.979Z] [unzip] else mkdir: /Users/jonathan/.cache/firebase/emulators/ui-v1.11.7/client/assets/provider-icons
[debug] [2023-07-07T17:54:25.979Z] [unzip] deflating: /Users/jonathan/.cache/firebase/emulators/ui-v1.11.7/client/assets/provider-icons/auth_service_oidc.svg
[debug] [2023-07-07T17:54:25.981Z] [unzip] Entry: client/assets/provider-icons/auth_service_yahoo.svg (compressed_size=577 bytes, uncompressed_size=1182 bytes)
[debug] [2023-07-07T17:54:25.981Z] [unzip] Processing entry: client/assets/provider-icons/auth_service_yahoo.svg
[debug] [2023-07-07T17:54:25.981Z] [unzip] else mkdir: /Users/jonathan/.cache/firebase/emulators/ui-v1.11.7/client/assets/provider-icons
[debug] [2023-07-07T17:54:25.981Z] [unzip] deflating: /Users/jonathan/.cache/firebase/emulators/ui-v1.11.7/client/assets/provider-icons/auth_service_yahoo.svg
[debug] [2023-07-07T17:54:25.982Z] [unzip] Entry: client/assets/provider-icons/auth_service_phone.svg (compressed_size=261 bytes, uncompressed_size=414 bytes)
[debug] [2023-07-07T17:54:25.982Z] [unzip] Processing entry: client/assets/provider-icons/auth_service_phone.svg
[debug] [2023-07-07T17:54:25.982Z] [unzip] else mkdir: /Users/jonathan/.cache/firebase/emulators/ui-v1.11.7/client/assets/provider-icons
[debug] [2023-07-07T17:54:25.982Z] [unzip] deflating: /Users/jonathan/.cache/firebase/emulators/ui-v1.11.7/client/assets/provider-icons/auth_service_phone.svg
[debug] [2023-07-07T17:54:25.984Z] [unzip] Entry: client/assets/provider-icons/auth_service_saml.svg (compressed_size=575 bytes, uncompressed_size=1226 bytes)
[debug] [2023-07-07T17:54:25.984Z] [unzip] Processing entry: client/assets/provider-icons/auth_service_saml.svg
[debug] [2023-07-07T17:54:25.984Z] [unzip] else mkdir: /Users/jonathan/.cache/firebase/emulators/ui-v1.11.7/client/assets/provider-icons
[debug] [2023-07-07T17:54:25.984Z] [unzip] deflating: /Users/jonathan/.cache/firebase/emulators/ui-v1.11.7/client/assets/provider-icons/auth_service_saml.svg
[debug] [2023-07-07T17:54:25.985Z] [unzip] Entry: client/assets/provider-icons/auth_service_mslive.svg (compressed_size=203 bytes, uncompressed_size=378 bytes)
[debug] [2023-07-07T17:54:25.986Z] [unzip] Processing entry: client/assets/provider-icons/auth_service_mslive.svg
[debug] [2023-07-07T17:54:25.986Z] [unzip] else mkdir: /Users/jonathan/.cache/firebase/emulators/ui-v1.11.7/client/assets/provider-icons
[debug] [2023-07-07T17:54:25.986Z] [unzip] deflating: /Users/jonathan/.cache/firebase/emulators/ui-v1.11.7/client/assets/provider-icons/auth_service_mslive.svg
[debug] [2023-07-07T17:54:25.987Z] [unzip] Entry: client/assets/provider-icons/auth_service_facebook.svg (compressed_size=289 bytes, uncompressed_size=457 bytes)
[debug] [2023-07-07T17:54:25.987Z] [unzip] Processing entry: client/assets/provider-icons/auth_service_facebook.svg
[debug] [2023-07-07T17:54:25.987Z] [unzip] else mkdir: /Users/jonathan/.cache/firebase/emulators/ui-v1.11.7/client/assets/provider-icons
[debug] [2023-07-07T17:54:25.987Z] [unzip] deflating: /Users/jonathan/.cache/firebase/emulators/ui-v1.11.7/client/assets/provider-icons/auth_service_facebook.svg
[debug] [2023-07-07T17:54:25.988Z] [unzip] Entry: client/assets/provider-icons/auth_service_play_games.svg (compressed_size=565 bytes, uncompressed_size=1173 bytes)
[debug] [2023-07-07T17:54:25.988Z] [unzip] Processing entry: client/assets/provider-icons/auth_service_play_games.svg
[debug] [2023-07-07T17:54:25.988Z] [unzip] else mkdir: /Users/jonathan/.cache/firebase/emulators/ui-v1.11.7/client/assets/provider-icons
[debug] [2023-07-07T17:54:25.989Z] [unzip] deflating: /Users/jonathan/.cache/firebase/emulators/ui-v1.11.7/client/assets/provider-icons/auth_service_play_games.svg
[debug] [2023-07-07T17:54:25.990Z] [unzip] Entry: client/assets/provider-icons/auth_service_github.svg (compressed_size=466 bytes, uncompressed_size=838 bytes)
[debug] [2023-07-07T17:54:25.990Z] [unzip] Processing entry: client/assets/provider-icons/auth_service_github.svg
[debug] [2023-07-07T17:54:25.990Z] [unzip] else mkdir: /Users/jonathan/.cache/firebase/emulators/ui-v1.11.7/client/assets/provider-icons
[debug] [2023-07-07T17:54:25.991Z] [unzip] deflating: /Users/jonathan/.cache/firebase/emulators/ui-v1.11.7/client/assets/provider-icons/auth_service_github.svg
[debug] [2023-07-07T17:54:25.992Z] [unzip] Entry: client/assets/provider-icons/auth_service_apple.svg (compressed_size=230 bytes, uncompressed_size=334 bytes)
[debug] [2023-07-07T17:54:25.992Z] [unzip] Processing entry: client/assets/provider-icons/auth_service_apple.svg
[debug] [2023-07-07T17:54:25.992Z] [unzip] else mkdir: /Users/jonathan/.cache/firebase/emulators/ui-v1.11.7/client/assets/provider-icons
[debug] [2023-07-07T17:54:25.992Z] [unzip] deflating: /Users/jonathan/.cache/firebase/emulators/ui-v1.11.7/client/assets/provider-icons/auth_service_apple.svg
[debug] [2023-07-07T17:54:25.993Z] [unzip] Entry: client/assets/provider-icons/auth_service_google.svg (compressed_size=409 bytes, uncompressed_size=720 bytes)
[debug] [2023-07-07T17:54:25.993Z] [unzip] Processing entry: client/assets/provider-icons/auth_service_google.svg
[debug] [2023-07-07T17:54:25.993Z] [unzip] else mkdir: /Users/jonathan/.cache/firebase/emulators/ui-v1.11.7/client/assets/provider-icons
[debug] [2023-07-07T17:54:25.993Z] [unzip] deflating: /Users/jonathan/.cache/firebase/emulators/ui-v1.11.7/client/assets/provider-icons/auth_service_google.svg
[debug] [2023-07-07T17:54:25.994Z] [unzip] Entry: client/assets/provider-icons/auth_service_email.svg (compressed_size=228 bytes, uncompressed_size=326 bytes)
[debug] [2023-07-07T17:54:25.994Z] [unzip] Processing entry: client/assets/provider-icons/auth_service_email.svg
[debug] [2023-07-07T17:54:25.994Z] [unzip] else mkdir: /Users/jonathan/.cache/firebase/emulators/ui-v1.11.7/client/assets/provider-icons
[debug] [2023-07-07T17:54:25.995Z] [unzip] deflating: /Users/jonathan/.cache/firebase/emulators/ui-v1.11.7/client/assets/provider-icons/auth_service_email.svg
[debug] [2023-07-07T17:54:25.996Z] [unzip] Entry: client/assets/provider-icons/auth_service_twitter.svg (compressed_size=444 bytes, uncompressed_size=751 bytes)
[debug] [2023-07-07T17:54:25.996Z] [unzip] Processing entry: client/assets/provider-icons/auth_service_twitter.svg
[debug] [2023-07-07T17:54:25.996Z] [unzip] else mkdir: /Users/jonathan/.cache/firebase/emulators/ui-v1.11.7/client/assets/provider-icons
[debug] [2023-07-07T17:54:25.996Z] [unzip] deflating: /Users/jonathan/.cache/firebase/emulators/ui-v1.11.7/client/assets/provider-icons/auth_service_twitter.svg
[debug] [2023-07-07T17:54:25.997Z] [unzip] Entry: client/assets/provider-icons/auth_service_game_center.svg (compressed_size=991 bytes, uncompressed_size=3921 bytes)
[debug] [2023-07-07T17:54:25.997Z] [unzip] Processing entry: client/assets/provider-icons/auth_service_game_center.svg
[debug] [2023-07-07T17:54:25.997Z] [unzip] else mkdir: /Users/jonathan/.cache/firebase/emulators/ui-v1.11.7/client/assets/provider-icons
[debug] [2023-07-07T17:54:25.997Z] [unzip] deflating: /Users/jonathan/.cache/firebase/emulators/ui-v1.11.7/client/assets/provider-icons/auth_service_game_center.svg
[debug] [2023-07-07T17:54:25.998Z] [unzip] Entry: client/assets/index.c2583d42.js.map (compressed_size=1778557 bytes, uncompressed_size=7961927 bytes)
[debug] [2023-07-07T17:54:25.998Z] [unzip] Processing entry: client/assets/index.c2583d42.js.map
[debug] [2023-07-07T17:54:25.998Z] [unzip] else mkdir: /Users/jonathan/.cache/firebase/emulators/ui-v1.11.7/client/assets
[debug] [2023-07-07T17:54:25.998Z] [unzip] deflating: /Users/jonathan/.cache/firebase/emulators/ui-v1.11.7/client/assets/index.c2583d42.js.map
[debug] [2023-07-07T17:54:26.074Z] [unzip] Entry: client/assets/img/ (compressed_size=0 bytes, uncompressed_size=0 bytes)
[debug] [2023-07-07T17:54:26.074Z] [unzip] Processing entry: client/assets/img/
[debug] [2023-07-07T17:54:26.074Z] [unzip] mkdir: /Users/jonathan/.cache/firebase/emulators/ui-v1.11.7/client/assets/img/
[debug] [2023-07-07T17:54:26.075Z] [unzip] Entry: client/assets/img/database.png (compressed_size=29449 bytes, uncompressed_size=29988 bytes)
[debug] [2023-07-07T17:54:26.075Z] [unzip] Processing entry: client/assets/img/database.png
[debug] [2023-07-07T17:54:26.075Z] [unzip] else mkdir: /Users/jonathan/.cache/firebase/emulators/ui-v1.11.7/client/assets/img
[debug] [2023-07-07T17:54:26.075Z] [unzip] deflating: /Users/jonathan/.cache/firebase/emulators/ui-v1.11.7/client/assets/img/database.png
[debug] [2023-07-07T17:54:26.076Z] [unzip] Entry: client/safari-pinned-tab.svg (compressed_size=838 bytes, uncompressed_size=1504 bytes)
[debug] [2023-07-07T17:54:26.076Z] [unzip] Processing entry: client/safari-pinned-tab.svg
[debug] [2023-07-07T17:54:26.076Z] [unzip] else mkdir: /Users/jonathan/.cache/firebase/emulators/ui-v1.11.7/client
[debug] [2023-07-07T17:54:26.077Z] [unzip] deflating: /Users/jonathan/.cache/firebase/emulators/ui-v1.11.7/client/safari-pinned-tab.svg
[debug] [2023-07-07T17:54:26.077Z] [unzip] Entry: client/mstile-150x150.png (compressed_size=5406 bytes, uncompressed_size=5723 bytes)
[debug] [2023-07-07T17:54:26.078Z] [unzip] Processing entry: client/mstile-150x150.png
[debug] [2023-07-07T17:54:26.078Z] [unzip] else mkdir: /Users/jonathan/.cache/firebase/emulators/ui-v1.11.7/client
[debug] [2023-07-07T17:54:26.078Z] [unzip] deflating: /Users/jonathan/.cache/firebase/emulators/ui-v1.11.7/client/mstile-150x150.png
[debug] [2023-07-07T17:54:26.079Z] [unzip] Entry: client/browserconfig.xml (compressed_size=491 bytes, uncompressed_size=822 bytes)
[debug] [2023-07-07T17:54:26.079Z] [unzip] Processing entry: client/browserconfig.xml
[debug] [2023-07-07T17:54:26.079Z] [unzip] else mkdir: /Users/jonathan/.cache/firebase/emulators/ui-v1.11.7/client
[debug] [2023-07-07T17:54:26.079Z] [unzip] deflating: /Users/jonathan/.cache/firebase/emulators/ui-v1.11.7/client/browserconfig.xml
[debug] [2023-07-07T17:54:26.080Z] [unzip] Entry: client/robots.txt (compressed_size=26 bytes, uncompressed_size=26 bytes)
[debug] [2023-07-07T17:54:26.080Z] [unzip] Processing entry: client/robots.txt
[debug] [2023-07-07T17:54:26.080Z] [unzip] else mkdir: /Users/jonathan/.cache/firebase/emulators/ui-v1.11.7/client
[debug] [2023-07-07T17:54:26.081Z] [unzip] Writing file: /Users/jonathan/.cache/firebase/emulators/ui-v1.11.7/client/robots.txt
[debug] [2023-07-07T17:54:26.082Z] [unzip] Entry: client/index.html (compressed_size=1363 bytes, uncompressed_size=3064 bytes)
[debug] [2023-07-07T17:54:26.082Z] [unzip] Processing entry: client/index.html
[debug] [2023-07-07T17:54:26.082Z] [unzip] else mkdir: /Users/jonathan/.cache/firebase/emulators/ui-v1.11.7/client
[debug] [2023-07-07T17:54:26.082Z] [unzip] deflating: /Users/jonathan/.cache/firebase/emulators/ui-v1.11.7/client/index.html
[debug] [2023-07-07T17:54:26.083Z] [unzip] Entry: client/favicon-16x16.png (compressed_size=757 bytes, uncompressed_size=777 bytes)
[debug] [2023-07-07T17:54:26.083Z] [unzip] Processing entry: client/favicon-16x16.png
[debug] [2023-07-07T17:54:26.083Z] [unzip] else mkdir: /Users/jonathan/.cache/firebase/emulators/ui-v1.11.7/client
[debug] [2023-07-07T17:54:26.083Z] [unzip] deflating: /Users/jonathan/.cache/firebase/emulators/ui-v1.11.7/client/favicon-16x16.png
[debug] [2023-07-07T17:54:26.084Z] [unzip] Entry: client/manifest.json (compressed_size=246 bytes, uncompressed_size=551 bytes)
[debug] [2023-07-07T17:54:26.084Z] [unzip] Processing entry: client/manifest.json
[debug] [2023-07-07T17:54:26.085Z] [unzip] else mkdir: /Users/jonathan/.cache/firebase/emulators/ui-v1.11.7/client
[debug] [2023-07-07T17:54:26.085Z] [unzip] deflating: /Users/jonathan/.cache/firebase/emulators/ui-v1.11.7/client/manifest.json
[debug] [2023-07-07T17:54:26.086Z] [unzip] Entry: client/favicon-32x32.png (compressed_size=1175 bytes, uncompressed_size=1175 bytes)
[debug] [2023-07-07T17:54:26.086Z] [unzip] Processing entry: client/favicon-32x32.png
[debug] [2023-07-07T17:54:26.086Z] [unzip] else mkdir: /Users/jonathan/.cache/firebase/emulators/ui-v1.11.7/client
[debug] [2023-07-07T17:54:26.086Z] [unzip] Writing file: /Users/jonathan/.cache/firebase/emulators/ui-v1.11.7/client/favicon-32x32.png
[debug] [2023-07-07T17:54:26.087Z] [unzip] Entry: client/android-chrome-192x192.png (compressed_size=7602 bytes, uncompressed_size=7834 bytes)
[debug] [2023-07-07T17:54:26.087Z] [unzip] Processing entry: client/android-chrome-192x192.png
[debug] [2023-07-07T17:54:26.087Z] [unzip] else mkdir: /Users/jonathan/.cache/firebase/emulators/ui-v1.11.7/client
[debug] [2023-07-07T17:54:26.087Z] [unzip] deflating: /Users/jonathan/.cache/firebase/emulators/ui-v1.11.7/client/android-chrome-192x192.png
[debug] [2023-07-07T17:54:26.088Z] [unzip] Entry: server/ (compressed_size=0 bytes, uncompressed_size=0 bytes)
[debug] [2023-07-07T17:54:26.088Z] [unzip] Processing entry: server/
[debug] [2023-07-07T17:54:26.088Z] [unzip] mkdir: /Users/jonathan/.cache/firebase/emulators/ui-v1.11.7/server/
[debug] [2023-07-07T17:54:26.088Z] [unzip] Entry: server/server.js (compressed_size=343746 bytes, uncompressed_size=1346374 bytes)
[debug] [2023-07-07T17:54:26.088Z] [unzip] Processing entry: server/server.js
[debug] [2023-07-07T17:54:26.088Z] [unzip] else mkdir: /Users/jonathan/.cache/firebase/emulators/ui-v1.11.7/server
[debug] [2023-07-07T17:54:26.088Z] [unzip] deflating: /Users/jonathan/.cache/firebase/emulators/ui-v1.11.7/server/server.js
[debug] [2023-07-07T17:54:26.102Z] [unzip] Entry: server/server.js.map (compressed_size=289157 bytes, uncompressed_size=1325651 bytes)
[debug] [2023-07-07T17:54:26.102Z] [unzip] Processing entry: server/server.js.map
[debug] [2023-07-07T17:54:26.102Z] [unzip] else mkdir: /Users/jonathan/.cache/firebase/emulators/ui-v1.11.7/server
[debug] [2023-07-07T17:54:26.103Z] [unzip] deflating: /Users/jonathan/.cache/firebase/emulators/ui-v1.11.7/server/server.js.map
[debug] [2023-07-07T17:54:26.117Z] Ignoring unsupported arg: auto_download {"metadata":{"emulator":{"name":"ui"},"message":"Ignoring unsupported arg: auto_download"}}
[debug] [2023-07-07T17:54:26.117Z] Ignoring unsupported arg: port {"metadata":{"emulator":{"name":"ui"},"message":"Ignoring unsupported arg: port"}}
[debug] [2023-07-07T17:54:26.117Z] Starting Emulator UI with command {"binary":"node","args":["/Users/jonathan/.cache/firebase/emulators/ui-v1.11.7/server/server.js"],"optionalArgs":[],"joinArgs":false} {"metadata":{"emulator":{"name":"ui"},"message":"Starting Emulator UI with command {\"binary\":\"node\",\"args\":[\"/Users/jonathan/.cache/firebase/emulators/ui-v1.11.7/server/server.js\"],\"optionalArgs\":[],\"joinArgs\":false}"}}
[info] i  ui: Emulator UI logging to ui-debug.log {"metadata":{"emulator":{"name":"ui"},"message":"Emulator UI logging to \u001b[1mui-debug.log\u001b[22m"}}
[debug] [2023-07-07T17:54:26.282Z] Web / API server started at 127.0.0.1:4000
 {"metadata":{"emulator":{"name":"ui"},"message":"Web / API server started at 127.0.0.1:4000\n"}}
[debug] [2023-07-07T17:54:26.283Z] Web / API server started at ::1:4000
 {"metadata":{"emulator":{"name":"ui"},"message":"Web / API server started at ::1:4000\n"}}
[info] 
┌─────────────────────────────────────────────────────────────┐
│ ✔  All emulators ready! It is now safe to connect your app. │
│ i  View Emulator UI at http://127.0.0.1:4000/               │
└─────────────────────────────────────────────────────────────┘

┌────────────────┬────────────────┬────────────────────────────┐
│ Emulator       │ Host:Port      │ View in Emulator UI        │
├────────────────┼────────────────┼────────────────────────────┤
│ Authentication │ 127.0.0.1:9099 │ http://127.0.0.1:4000/auth │
└────────────────┴────────────────┴────────────────────────────┘
  Emulator Hub running at 127.0.0.1:4400
  Other reserved ports: 4500

Issues? Report them at https://github.com/firebase/firebase-tools/issues and attach the *-debug.log files.
 
[debug] [2023-07-08T17:39:57.253Z] Received signal SIGHUP 1
